2020-09-07T02:05:04.2538337Z,Updating submodules.,d21d9a9b-25f0-4ed9-9fc8-f28a9bacd3ee,0
2020-09-07T02:05:04.3159537Z,Preparing deployment for commit id 'aac1d7d9bf'.,0d0a6068-6274-49cd-9f49-b496d236a9a3,0
2020-09-07T02:05:04.5659430Z,Generating deployment script.,88ccd503-b075-4773-9423-11df8bf46f3b,0
	2020-09-07T02:05:04.6284637Z,Using the following command to generate deployment script: 'azure site deploymentscript -y --no-dot-deployment -r "D:\home\site\repository" -o "D:\home\site\deployments\tools" --basic --sitePath "D:\home\site\repository"'.,,0
	2020-09-07T02:05:05.1128347Z,Generating deployment script for Web Site,,0
	2020-09-07T02:05:05.1128347Z,Generated deployment script files,,0
2020-09-07T02:05:05.2066152Z,Running deployment command...,04d3c26d-812c-4b65-bc63-405e5a2d127c,0
	2020-09-07T02:05:05.2222239Z,Command: "D:\home\site\deployments\tools\deploy.cmd",,0
	2020-09-07T02:05:06.6014730Z,Handling Basic Web Site deployment.,,0
	2020-09-07T02:05:07.2691532Z,Creating app_offline.htm,,0
	2020-09-07T02:05:07.2691532Z,KuduSync.NET from: 'D:\home\site\repository' to: 'D:\home\site\wwwroot',,0
	2020-09-07T02:05:07.2691532Z,Deleting file: 'hostingstart.html',,0
	2020-09-07T02:05:07.2691532Z,Copying file: '.user.ini',,0
	2020-09-07T02:05:07.2847232Z,Copying file: 'azuredeploy.json',,0
	2020-09-07T02:05:07.2847232Z,Copying file: 'index.php',,0
	2020-09-07T02:05:07.2847232Z,Copying file: 'license.txt',,0
	2020-09-07T02:05:07.2847232Z,Copying file: 'readme.html',,0
	2020-09-07T02:05:07.2847232Z,Copying file: 'readme.md',,0
	2020-09-07T02:05:07.2847232Z,Copying file: 'wp-activate.php',,0
	2020-09-07T02:05:07.2847232Z,Copying file: 'wp-blog-header.php',,0
	2020-09-07T02:05:07.3003936Z,Copying file: 'wp-comments-post.php',,0
	2020-09-07T02:05:07.3003936Z,Copying file: 'wp-config-sample.php',,0
	2020-09-07T02:05:07.3003936Z,Copying file: 'wp-config.php',,0
	2020-09-07T02:05:07.3003936Z,Copying file: 'wp-cron.php',,0
	2020-09-07T02:05:07.3003936Z,Copying file: 'wp-links-opml.php',,0
	2020-09-07T02:05:07.3003936Z,Copying file: 'wp-load.php',,0
	2020-09-07T02:05:07.3159593Z,Copying file: 'wp-login.php',,0
	2020-09-07T02:05:07.3159593Z,Copying file: 'wp-mail.php',,0
	2020-09-07T02:05:07.3159593Z,Copying file: 'wp-settings.php',,0
	2020-09-07T02:05:07.3159593Z,Copying file: 'wp-signup.php',,0
	2020-09-07T02:05:07.3159593Z,Copying file: 'wp-trackback.php',,0
	2020-09-07T02:05:07.3159593Z,Copying file: 'xmlrpc.php',,0
	2020-09-07T02:05:07.3159593Z,Copying file: 'wp-admin\about.php',,0
	2020-09-07T02:05:07.3315837Z,Copying file: 'wp-admin\admin-ajax.php',,0
	2020-09-07T02:05:07.3315837Z,Copying file: 'wp-admin\admin-footer.php',,0
	2020-09-07T02:05:07.3315837Z,Copying file: 'wp-admin\admin-functions.php',,0
	2020-09-07T02:05:07.3315837Z,Copying file: 'wp-admin\admin-header.php',,0
	2020-09-07T02:05:07.3315837Z,Copying file: 'wp-admin\admin-post.php',,0
	2020-09-07T02:05:07.5034917Z,Copying file: 'wp-admin\admin.php',,0
	2020-09-07T02:05:07.5034917Z,Copying file: 'wp-admin\async-upload.php',,0
	2020-09-07T02:05:07.5034917Z,Copying file: 'wp-admin\comment.php',,0
	2020-09-07T02:05:07.5034917Z,Copying file: 'wp-admin\credits.php',,0
	2020-09-07T02:05:07.5199445Z,Copying file: 'wp-admin\custom-background.php',,0
	2020-09-07T02:05:07.5199445Z,Copying file: 'wp-admin\custom-header.php',,0
	2020-09-07T02:05:07.5199445Z,Copying file: 'wp-admin\customize.php',,0
	2020-09-07T02:05:07.5199445Z,Copying file: 'wp-admin\edit-comments.php',,0
	2020-09-07T02:05:07.5199445Z,Copying file: 'wp-admin\edit-form-advanced.php',,0
	2020-09-07T02:05:07.5199445Z,Copying file: 'wp-admin\edit-form-blocks.php',,0
	2020-09-07T02:05:07.5347186Z,Copying file: 'wp-admin\edit-form-comment.php',,0
	2020-09-07T02:05:07.5347186Z,Copying file: 'wp-admin\edit-link-form.php',,0
	2020-09-07T02:05:07.5347186Z,Copying file: 'wp-admin\edit-tag-form.php',,0
	2020-09-07T02:05:07.5347186Z,Copying file: 'wp-admin\edit-tags.php',,0
	2020-09-07T02:05:07.5347186Z,Copying file: 'wp-admin\edit.php',,0
	2020-09-07T02:05:07.5347186Z,Copying file: 'wp-admin\export.php',,0
	2020-09-07T02:05:07.5503442Z,Copying file: 'wp-admin\freedoms.php',,0
	2020-09-07T02:05:07.5503442Z,Copying file: 'wp-admin\import.php',,0
	2020-09-07T02:05:07.5503442Z,Copying file: 'wp-admin\index.php',,0
	2020-09-07T02:05:07.5503442Z,Copying file: 'wp-admin\install-helper.php',,0
	2020-09-07T02:05:07.5659593Z,Copying file: 'wp-admin\install.php',,0
	2020-09-07T02:05:07.5659593Z,Omitting next output lines...,,0
	2020-09-07T02:05:27.5089324Z,Processed 1402 files...,,0
	2020-09-07T02:05:34.6972196Z,Finished successfully.,,0
2020-09-07T02:05:34.7440987Z,Running post deployment command(s)...,12243cc3-40d6-4e38-9eb6-c25a61656a6e,0
2020-09-07T02:05:34.8069609Z,Triggering recycle (preview mode disabled).,52f81663-2c20-4284-b39e-a310a7f911f5,0
2020-09-07T02:05:34.8691370Z,Deployment successful.,ab03aed3-f4d1-45f9-9baa-d280315ad150,0
